#
# There is insufficient memory for the Java Runtime Environment to continue.
# Native memory allocation (malloc) failed to allocate 2369040 bytes for Chunk::new
# Possible reasons:
#   The system is out of physical RAM or swap space
#   In 32 bit mode, the process size limit was hit
# Possible solutions:
#   Reduce memory load on the system
#   Increase physical memory or swap space
#   Check if swap backing store is full
#   Use 64 bit Java on a 64 bit OS
#   Decrease Java heap size (-Xmx/-Xms)
#   Decrease number of Java threads
#   Decrease Java thread stack sizes (-Xss)
#   Set larger code cache with -XX:ReservedCodeCacheSize=
# This output file may be truncated or incomplete.
#
#  Out of Memory Error (allocation.cpp:390), pid=8384, tid=0x0000000000002ab0
#
# JRE version: Java(TM) SE Runtime Environment (8.0_101-b13) (build 1.8.0_101-b13)
# Java VM: Java HotSpot(TM) 64-Bit Server VM (25.101-b13 mixed mode windows-amd64 compressed oops)
# Failed to write core dump. Minidumps are not enabled by default on client versions of Windows
#

---------------  T H R E A D  ---------------

Current thread (0x0000000017c43800):  JavaThread "C2 CompilerThread2" daemon [_thread_in_native, id=10928, stack(0x0000000018600000,0x0000000018700000)]

Stack: [0x0000000018600000,0x0000000018700000]
[error occurred during error reporting (printing stack bounds), id 0xc0000005]

Native frames: (J=compiled Java code, j=interpreted, Vv=VM code, C=native code)


Current CompileTask:
C2:  23684 7558       4       org.gradle.api.internal.project.taskfactory.AnnotationProcessingTaskFactory$Validator::attachValidationAction (83 bytes)


---------------  P R O C E S S  ---------------

Java Threads: ( => current thread )
  0x000000001ba2e000 JavaThread "Stdin handler" [_thread_blocked, id=2532, stack(0x0000000023ac0000,0x0000000023bc0000)]
  0x000000001ba2d800 JavaThread "Asynchronous log dispatcher for org.gradle.launcher.daemon.server.DefaultDaemonConnection@5bf4d611" [_thread_blocked, id=9108, stack(0x0000000021200000,0x0000000021300000)]
  0x000000001ba2c000 JavaThread "Cancel handler" [_thread_blocked, id=5092, stack(0x0000000020270000,0x0000000020370000)]
  0x000000001ba2b000 JavaThread "Handler for socket connection from /127.0.0.1:8014 to /127.0.0.1:8073" [_thread_in_native, id=4060, stack(0x000000001eeb0000,0x000000001efb0000)]
  0x000000001ba29000 JavaThread "File lock request listener" [_thread_in_native, id=10680, stack(0x000000001c7c0000,0x000000001c8c0000)]
  0x0000000019859800 JavaThread "Daemon worker" [_thread_in_native, id=9028, stack(0x000000001adf0000,0x000000001aef0000)]
  0x0000000019846000 JavaThread "Daemon" [_thread_blocked, id=5436, stack(0x000000001aaf0000,0x000000001abf0000)]
  0x00000000197b9800 JavaThread "Incoming local TCP Connector on port 8014" [_thread_in_native, id=4128, stack(0x000000001a700000,0x000000001a800000)]
  0x0000000019733000 JavaThread "pool-1-thread-1" [_thread_blocked, id=3836, stack(0x000000001a600000,0x000000001a700000)]
  0x0000000017ce9000 JavaThread "Service Thread" daemon [_thread_blocked, id=3656, stack(0x0000000018800000,0x0000000018900000)]
  0x0000000017c52000 JavaThread "C1 CompilerThread3" daemon [_thread_blocked, id=11536, stack(0x0000000018700000,0x0000000018800000)]
=>0x0000000017c43800 JavaThread "C2 CompilerThread2" daemon [_thread_in_native, id=10928, stack(0x0000000018600000,0x0000000018700000)]
  0x0000000017c3e800 JavaThread "C2 CompilerThread1" daemon [_thread_in_native, id=948, stack(0x0000000018500000,0x0000000018600000)]
  0x0000000017c3b800 JavaThread "C2 CompilerThread0" daemon [_thread_in_native, id=9860, stack(0x0000000018400000,0x0000000018500000)]
  0x0000000017c3a000 JavaThread "Attach Listener" daemon [_thread_blocked, id=5508, stack(0x0000000018300000,0x0000000018400000)]
  0x0000000017c39000 JavaThread "Signal Dispatcher" daemon [_thread_blocked, id=9076, stack(0x0000000018200000,0x0000000018300000)]
  0x0000000017c30800 JavaThread "Finalizer" daemon [_thread_blocked, id=2964, stack(0x0000000018010000,0x0000000018110000)]
  0x0000000003216800 JavaThread "Reference Handler" daemon [_thread_blocked, id=10128, stack(0x0000000017b10000,0x0000000017c10000)]
  0x000000000183e800 JavaThread "main" [_thread_blocked, id=9660, stack(0x0000000003020000,0x0000000003120000)]

Other Threads:
  0x0000000015d38800 VMThread [stack: 0x0000000017a10000,0x0000000017b10000] [id=9592]
  0x0000000017d1c000 WatcherThread [stack: 0x0000000018900000,0x0000000018a00000] [id=5884]

VM state:not at safepoint (normal execution)

VM Mutex/Monitor currently owned by a thread: None

Heap:
 PSYoungGen      total 199680K, used 113691K [0x00000000eab00000, 0x00000000f8e80000, 0x0000000100000000)
  eden space 183296K, 62% used [0x00000000eab00000,0x00000000f1a06f38,0x00000000f5e00000)
  from space 16384K, 0% used [0x00000000f7380000,0x00000000f7380000,0x00000000f8380000)
  to   space 22016K, 0% used [0x00000000f5e00000,0x00000000f5e00000,0x00000000f7380000)
 ParOldGen       total 107008K, used 47609K [0x00000000c0000000, 0x00000000c6880000, 0x00000000eab00000)
  object space 107008K, 44% used [0x00000000c0000000,0x00000000c2e7e5f0,0x00000000c6880000)
 Metaspace       used 55874K, capacity 57992K, committed 58112K, reserved 1099776K
  class space    used 7652K, capacity 8133K, committed 8192K, reserved 1048576K

Card table byte_map: [0x00000000125e0000,0x00000000127f0000] byte_map_base: 0x0000000011fe0000

Marking Bits: (ParMarkBitMap*) 0x000000005d85a6d0
 Begin Bits: [0x0000000013150000, 0x0000000014150000)
 End Bits:   [0x0000000014150000, 0x0000000015150000)

Polling page: 0x0000000001320000

CodeCache: size=245760Kb used=25554Kb max_used=25554Kb free=220205Kb
 bounds [0x0000000003220000, 0x0000000004b30000, 0x0000000012220000]
 total_blobs=7677 nmethods=6961 adapters=627
 compilation: enabled

Compilation events (10 events):
Event: 23.646 Thread 0x0000000017c52000 7796       3       org.gradle.internal.serialize.DefaultSerializerRegistry$TaggedTypeSerializer::write (31 bytes)
Event: 23.646 Thread 0x0000000017c52000 nmethod 7796 0x0000000004b2c090 code [0x0000000004b2c220, 0x0000000004b2c5e8]
Event: 23.646 Thread 0x0000000017c52000 7794       3       sun.reflect.AccessorGenerator::<init> (17 bytes)
Event: 23.646 Thread 0x0000000017c52000 nmethod 7794 0x0000000004b2c790 code [0x0000000004b2c8e0, 0x0000000004b2ca90]
Event: 23.646 Thread 0x0000000017c52000 7798       3       java.util.LinkedList::linkBefore (63 bytes)
Event: 23.647 Thread 0x0000000017c52000 nmethod 7798 0x0000000004b2cb50 code [0x0000000004b2ccc0, 0x0000000004b2d010]
Event: 23.670 Thread 0x0000000017c52000 7799       3       org.gradle.cache.internal.btree.BTreePersistentIndexedCache$IndexEntry::<init> (5 bytes)
Event: 23.671 Thread 0x0000000017c52000 nmethod 7799 0x0000000004b2d190 code [0x0000000004b2d300, 0x0000000004b2d510]
Event: 23.671 Thread 0x0000000017c52000 7800       3       org.gradle.cache.internal.btree.BTreePersistentIndexedCache$IndexEntry::<init> (5 bytes)
Event: 23.671 Thread 0x0000000017c52000 nmethod 7800 0x0000000004b2d610 code [0x0000000004b2d760, 0x0000000004b2d910]

GC Heap History (10 events):
Event: 8.387 GC heap before
{Heap before GC invocations=11 (full 2):
 PSYoungGen      total 109568K, used 98816K [0x00000000eab00000, 0x00000000f3b80000, 0x0000000100000000)
  eden space 98816K, 100% used [0x00000000eab00000,0x00000000f0b80000,0x00000000f0b80000)
  from space 10752K, 0% used [0x00000000f1600000,0x00000000f1600000,0x00000000f2080000)
  to   space 10752K, 0% used [0x00000000f0b80000,0x00000000f0b80000,0x00000000f1600000)
 ParOldGen       total 107008K, used 14202K [0x00000000c0000000, 0x00000000c6880000, 0x00000000eab00000)
  object space 107008K, 13% used [0x00000000c0000000,0x00000000c0dde8c0,0x00000000c6880000)
 Metaspace       used 40873K, capacity 41726K, committed 41984K, reserved 1085440K
  class space    used 5607K, capacity 5851K, committed 5888K, reserved 1048576K
Event: 8.393 GC heap after
Heap after GC invocations=11 (full 2):
 PSYoungGen      total 109568K, used 10341K [0x00000000eab00000, 0x00000000f4b00000, 0x0000000100000000)
  eden space 98816K, 0% used [0x00000000eab00000,0x00000000eab00000,0x00000000f0b80000)
  from space 10752K, 96% used [0x00000000f0b80000,0x00000000f15995e8,0x00000000f1600000)
  to   space 11264K, 0% used [0x00000000f4000000,0x00000000f4000000,0x00000000f4b00000)
 ParOldGen       total 107008K, used 14210K [0x00000000c0000000, 0x00000000c6880000, 0x00000000eab00000)
  object space 107008K, 13% used [0x00000000c0000000,0x00000000c0de08c0,0x00000000c6880000)
 Metaspace       used 40873K, capacity 41726K, committed 41984K, reserved 1085440K
  class space    used 5607K, capacity 5851K, committed 5888K, reserved 1048576K
}
Event: 9.482 GC heap before
{Heap before GC invocations=12 (full 2):
 PSYoungGen      total 109568K, used 109157K [0x00000000eab00000, 0x00000000f4b00000, 0x0000000100000000)
  eden space 98816K, 100% used [0x00000000eab00000,0x00000000f0b80000,0x00000000f0b80000)
  from space 10752K, 96% used [0x00000000f0b80000,0x00000000f15995e8,0x00000000f1600000)
  to   space 11264K, 0% used [0x00000000f4000000,0x00000000f4000000,0x00000000f4b00000)
 ParOldGen       total 107008K, used 14210K [0x00000000c0000000, 0x00000000c6880000, 0x00000000eab00000)
  object space 107008K, 13% used [0x00000000c0000000,0x00000000c0de08c0,0x00000000c6880000)
 Metaspace       used 44815K, capacity 45690K, committed 45952K, reserved 1089536K
  class space    used 6035K, capacity 6255K, committed 6272K, reserved 1048576K
Event: 9.491 GC heap after
Heap after GC invocations=12 (full 2):
 PSYoungGen      total 149504K, used 11256K [0x00000000eab00000, 0x00000000f4b00000, 0x0000000100000000)
  eden space 138240K, 0% used [0x00000000eab00000,0x00000000eab00000,0x00000000f3200000)
  from space 11264K, 99% used [0x00000000f4000000,0x00000000f4afe3f8,0x00000000f4b00000)
  to   space 12288K, 0% used [0x00000000f3300000,0x00000000f3300000,0x00000000f3f00000)
 ParOldGen       total 107008K, used 14605K [0x00000000c0000000, 0x00000000c6880000, 0x00000000eab00000)
  object space 107008K, 13% used [0x00000000c0000000,0x00000000c0e43678,0x00000000c6880000)
 Metaspace       used 44815K, capacity 45690K, committed 45952K, reserved 1089536K
  class space    used 6035K, capacity 6255K, committed 6272K, reserved 1048576K
}
Event: 12.304 GC heap before
{Heap before GC invocations=13 (full 2):
 PSYoungGen      total 149504K, used 149496K [0x00000000eab00000, 0x00000000f4b00000, 0x0000000100000000)
  eden space 138240K, 100% used [0x00000000eab00000,0x00000000f3200000,0x00000000f3200000)
  from space 11264K, 99% used [0x00000000f4000000,0x00000000f4afe3f8,0x00000000f4b00000)
  to   space 12288K, 0% used [0x00000000f3300000,0x00000000f3300000,0x00000000f3f00000)
 ParOldGen       total 107008K, used 14605K [0x00000000c0000000, 0x00000000c6880000, 0x00000000eab00000)
  object space 107008K, 13% used [0x00000000c0000000,0x00000000c0e43678,0x00000000c6880000)
 Metaspace       used 51573K, capacity 52920K, committed 53120K, reserved 1095680K
  class space    used 6983K, capacity 7290K, committed 7296K, reserved 1048576K
Event: 12.324 GC heap after
Heap after GC invocations=13 (full 2):
 PSYoungGen      total 151552K, used 12273K [0x00000000eab00000, 0x00000000f8380000, 0x0000000100000000)
  eden space 139264K, 0% used [0x00000000eab00000,0x00000000eab00000,0x00000000f3300000)
  from space 12288K, 99% used [0x00000000f3300000,0x00000000f3efc6c8,0x00000000f3f00000)
  to   space 16384K, 0% used [0x00000000f7380000,0x00000000f7380000,0x00000000f8380000)
 ParOldGen       total 107008K, used 23683K [0x00000000c0000000, 0x00000000c6880000, 0x00000000eab00000)
  object space 107008K, 22% used [0x00000000c0000000,0x00000000c1720f20,0x00000000c6880000)
 Metaspace       used 51573K, capacity 52920K, committed 53120K, reserved 1095680K
  class space    used 6983K, capacity 7290K, committed 7296K, reserved 1048576K
}
Event: 13.838 GC heap before
{Heap before GC invocations=14 (full 2):
 PSYoungGen      total 151552K, used 116492K [0x00000000eab00000, 0x00000000f8380000, 0x0000000100000000)
  eden space 139264K, 74% used [0x00000000eab00000,0x00000000f10c6940,0x00000000f3300000)
  from space 12288K, 99% used [0x00000000f3300000,0x00000000f3efc6c8,0x00000000f3f00000)
  to   space 16384K, 0% used [0x00000000f7380000,0x00000000f7380000,0x00000000f8380000)
 ParOldGen       total 107008K, used 23683K [0x00000000c0000000, 0x00000000c6880000, 0x00000000eab00000)
  object space 107008K, 22% used [0x00000000c0000000,0x00000000c1720f20,0x00000000c6880000)
 Metaspace       used 54710K, capacity 56650K, committed 56960K, reserved 1097728K
  class space    used 7550K, capacity 7998K, committed 8064K, reserved 1048576K
Event: 13.870 GC heap after
Heap after GC invocations=14 (full 2):
 PSYoungGen      total 199680K, used 16363K [0x00000000eab00000, 0x00000000f8e80000, 0x0000000100000000)
  eden space 183296K, 0% used [0x00000000eab00000,0x00000000eab00000,0x00000000f5e00000)
  from space 16384K, 99% used [0x00000000f7380000,0x00000000f837acf0,0x00000000f8380000)
  to   space 22016K, 0% used [0x00000000f5e00000,0x00000000f5e00000,0x00000000f7380000)
 ParOldGen       total 107008K, used 33237K [0x00000000c0000000, 0x00000000c6880000, 0x00000000eab00000)
  object space 107008K, 31% used [0x00000000c0000000,0x00000000c2075688,0x00000000c6880000)
 Metaspace       used 54710K, capacity 56650K, committed 56960K, reserved 1097728K
  class space    used 7550K, capacity 7998K, committed 8064K, reserved 1048576K
}
Event: 13.870 GC heap before
{Heap before GC invocations=15 (full 3):
 PSYoungGen      total 199680K, used 16363K [0x00000000eab00000, 0x00000000f8e80000, 0x0000000100000000)
  eden space 183296K, 0% used [0x00000000eab00000,0x00000000eab00000,0x00000000f5e00000)
  from space 16384K, 99% used [0x00000000f7380000,0x00000000f837acf0,0x00000000f8380000)
  to   space 22016K, 0% used [0x00000000f5e00000,0x00000000f5e00000,0x00000000f7380000)
 ParOldGen       total 107008K, used 33237K [0x00000000c0000000, 0x00000000c6880000, 0x00000000eab00000)
  object space 107008K, 31% used [0x00000000c0000000,0x00000000c2075688,0x00000000c6880000)
 Metaspace       used 54710K, capacity 56650K, committed 56960K, reserved 1097728K
  class space    used 7550K, capacity 7998K, committed 8064K, reserved 1048576K
Event: 14.161 GC heap after
Heap after GC invocations=15 (full 3):
 PSYoungGen      total 199680K, used 0K [0x00000000eab00000, 0x00000000f8e80000, 0x0000000100000000)
  eden space 183296K, 0% used [0x00000000eab00000,0x00000000eab00000,0x00000000f5e00000)
  from space 16384K, 0% used [0x00000000f7380000,0x00000000f7380000,0x00000000f8380000)
  to   space 22016K, 0% used [0x00000000f5e00000,0x00000000f5e00000,0x00000000f7380000)
 ParOldGen       total 107008K, used 47609K [0x00000000c0000000, 0x00000000c6880000, 0x00000000eab00000)
  object space 107008K, 44% used [0x00000000c0000000,0x00000000c2e7e5f0,0x00000000c6880000)
 Metaspace       used 54710K, capacity 56650K, committed 56960K, reserved 1097728K
  class space    used 7550K, capacity 7998K, committed 8064K, reserved 1048576K
}

Deoptimization events (10 events):
Event: 23.485 Thread 0x0000000019859800 Uncommon trap: reason=class_check action=maybe_recompile pc=0x00000000040a1ed8 method=java.util.Hashtable.put(Ljava/lang/Object;Ljava/lang/Object;)Ljava/lang/Object; @ 60
Event: 23.497 Thread 0x0000000019859800 Uncommon trap: reason=class_check action=maybe_recompile pc=0x0000000003f8c6f8 method=com.google.common.collect.AbstractMapBasedMultimap$WrappedCollection.refreshIfEmpty()V @ 59
Event: 23.497 Thread 0x0000000019859800 Uncommon trap: reason=class_check action=maybe_recompile pc=0x0000000003f8c6f8 method=com.google.common.collect.AbstractMapBasedMultimap$WrappedCollection.refreshIfEmpty()V @ 59
Event: 23.499 Thread 0x0000000019859800 Uncommon trap: reason=class_check action=maybe_recompile pc=0x0000000003f8c6f8 method=com.google.common.collect.AbstractMapBasedMultimap$WrappedCollection.refreshIfEmpty()V @ 59
Event: 23.499 Thread 0x0000000019859800 Uncommon trap: reason=class_check action=maybe_recompile pc=0x0000000003f8c6f8 method=com.google.common.collect.AbstractMapBasedMultimap$WrappedCollection.refreshIfEmpty()V @ 59
Event: 23.580 Thread 0x0000000019859800 Uncommon trap: reason=class_check action=maybe_recompile pc=0x000000000448e0e4 method=com.google.common.collect.AbstractMapBasedMultimap.put(Ljava/lang/Object;Ljava/lang/Object;)Z @ 10
Event: 23.580 Thread 0x0000000019859800 Uncommon trap: reason=class_check action=maybe_recompile pc=0x000000000448e0e4 method=com.google.common.collect.AbstractMapBasedMultimap.put(Ljava/lang/Object;Ljava/lang/Object;)Z @ 10
Event: 23.580 Thread 0x0000000019859800 Uncommon trap: reason=class_check action=maybe_recompile pc=0x000000000448e0e4 method=com.google.common.collect.AbstractMapBasedMultimap.put(Ljava/lang/Object;Ljava/lang/Object;)Z @ 10
Event: 23.580 Thread 0x0000000019859800 Uncommon trap: reason=class_check action=maybe_recompile pc=0x000000000448e0e4 method=com.google.common.collect.AbstractMapBasedMultimap.put(Ljava/lang/Object;Ljava/lang/Object;)Z @ 10
Event: 23.641 Thread 0x0000000019859800 Uncommon trap: reason=bimorphic action=maybe_recompile pc=0x0000000003a80af8 method=java.util.concurrent.ConcurrentHashMap.putVal(Ljava/lang/Object;Ljava/lang/Object;Z)Ljava/lang/Object; @ 192

Internal exceptions (10 events):
Event: 23.055 Thread 0x0000000019859800 Exception <a 'sun/nio/fs/WindowsException'> (0x00000000f017c470) thrown at [C:\re\workspace\8-2-build-windows-amd64-cygwin\jdk8u101\7261\hotspot\src\share\vm\prims\jni.cpp, line 709]
Event: 23.098 Thread 0x0000000019859800 Exception <a 'sun/nio/fs/WindowsException'> (0x00000000f0182308) thrown at [C:\re\workspace\8-2-build-windows-amd64-cygwin\jdk8u101\7261\hotspot\src\share\vm\prims\jni.cpp, line 709]
Event: 23.098 Thread 0x0000000019859800 Exception <a 'sun/nio/fs/WindowsException'> (0x00000000f0182e20) thrown at [C:\re\workspace\8-2-build-windows-amd64-cygwin\jdk8u101\7261\hotspot\src\share\vm\prims\jni.cpp, line 709]
Event: 23.098 Thread 0x0000000019859800 Exception <a 'sun/nio/fs/WindowsException'> (0x00000000f0184970) thrown at [C:\re\workspace\8-2-build-windows-amd64-cygwin\jdk8u101\7261\hotspot\src\share\vm\prims\jni.cpp, line 709]
Event: 23.098 Thread 0x0000000019859800 Exception <a 'sun/nio/fs/WindowsException'> (0x00000000f01854c8) thrown at [C:\re\workspace\8-2-build-windows-amd64-cygwin\jdk8u101\7261\hotspot\src\share\vm\prims\jni.cpp, line 709]
Event: 23.622 Thread 0x0000000019859800 Exception <a 'java/lang/NoSuchMethodError': <clinit>> (0x00000000f167ae98) thrown at [C:\re\workspace\8-2-build-windows-amd64-cygwin\jdk8u101\7261\hotspot\src\share\vm\prims\jni.cpp, line 1613]
Event: 23.623 Thread 0x0000000019859800 Exception <a 'java/lang/NoSuchMethodError': <clinit>> (0x00000000f1687e48) thrown at [C:\re\workspace\8-2-build-windows-amd64-cygwin\jdk8u101\7261\hotspot\src\share\vm\prims\jni.cpp, line 1613]
Event: 23.636 Thread 0x0000000019859800 Exception <a 'java/lang/NoSuchMethodError': <clinit>> (0x00000000f17856d0) thrown at [C:\re\workspace\8-2-build-windows-amd64-cygwin\jdk8u101\7261\hotspot\src\share\vm\prims\jni.cpp, line 1613]
Event: 23.637 Thread 0x0000000019859800 Exception <a 'java/lang/NoSuchMethodError': <clinit>> (0x00000000f179dee0) thrown at [C:\re\workspace\8-2-build-windows-amd64-cygwin\jdk8u101\7261\hotspot\src\share\vm\prims\jni.cpp, line 1613]
Event: 23.637 Thread 0x0000000019859800 Exception <a 'java/lang/NoSuchMethodError': <clinit>> (0x00000000f179f3f8) thrown at [C:\re\workspace\8-2-build-windows-amd64-cygwin\jdk8u101\7261\hotspot\src\share\vm\prims\jni.cpp, line 1613]

Events (10 events):
Event: 23.673 loading class org/gradle/api/internal/changedetection/state/CacheBackedTaskHistoryRepository$1
Event: 23.673 loading class org/gradle/api/internal/changedetection/state/CacheBackedTaskHistoryRepository$1 done
Event: 23.673 loading class org/gradle/api/internal/changedetection/rules/TaskUpToDateState
Event: 23.673 loading class org/gradle/api/internal/changedetection/rules/TaskUpToDateState done
Event: 23.674 loading class org/gradle/api/internal/changedetection/rules/TaskStateChanges
Event: 23.674 loading class org/gradle/api/internal/changedetection/rules/TaskStateChanges done
Event: 23.674 loading class org/gradle/api/internal/changedetection/rules/DiscoveredInputsListener
Event: 23.674 loading class org/gradle/api/internal/changedetection/rules/DiscoveredInputsListener done
Event: 23.674 loading class org/gradle/api/internal/changedetection/rules/NoHistoryTaskStateChanges
Event: 23.674 loading class org/gradle/api/internal/changedetection/rules/NoHistoryTaskStateChanges done


Dynamic libraries:
0x00007ff6be5a0000 - 0x00007ff6be5d7000 	C:\Program Files\Java\jdk1.8.0_101\bin\java.exe
0x00007ffdb8420000 - 0x00007ffdb85e1000 	C:\WINDOWS\SYSTEM32\ntdll.dll
0x00007ffdb5c80000 - 0x00007ffdb5d2d000 	C:\WINDOWS\system32\KERNEL32.DLL
0x00007ffdb5300000 - 0x00007ffdb54e8000 	C:\WINDOWS\system32\KERNELBASE.dll
0x00007ffdb7540000 - 0x00007ffdb75e7000 	C:\WINDOWS\system32\ADVAPI32.dll
0x00007ffdb5ac0000 - 0x00007ffdb5b5d000 	C:\WINDOWS\system32\msvcrt.dll
0x00007ffdb75f0000 - 0x00007ffdb764b000 	C:\WINDOWS\system32\sechost.dll
0x00007ffdb5b60000 - 0x00007ffdb5c7c000 	C:\WINDOWS\system32\RPCRT4.dll
0x00007ffdb78c0000 - 0x00007ffdb7a16000 	C:\WINDOWS\system32\USER32.dll
0x00007ffdb5820000 - 0x00007ffdb59a6000 	C:\WINDOWS\system32\GDI32.dll
0x00007ffdb1810000 - 0x00007ffdb1a84000 	C:\WINDOWS\WinSxS\amd64_microsoft.windows.common-controls_6595b64144ccf1df_6.0.10586.589_none_a2ddb3caa539acce\COMCTL32.dll
0x00007ffdb7e70000 - 0x00007ffdb80ed000 	C:\WINDOWS\system32\combase.dll
0x00007ffdb5290000 - 0x00007ffdb52fa000 	C:\WINDOWS\system32\bcryptPrimitives.dll
0x00007ffdb81d0000 - 0x00007ffdb820b000 	C:\WINDOWS\system32\IMM32.DLL
0x000000005d8e0000 - 0x000000005d9b2000 	C:\Program Files\Java\jdk1.8.0_101\jre\bin\msvcr100.dll
0x000000005d040000 - 0x000000005d8da000 	C:\Program Files\Java\jdk1.8.0_101\jre\bin\server\jvm.dll
0x00007ffdb80f0000 - 0x00007ffdb80f8000 	C:\WINDOWS\system32\PSAPI.DLL
0x00007ffda5240000 - 0x00007ffda5249000 	C:\WINDOWS\SYSTEM32\WSOCK32.dll
0x00007ffdb2fb0000 - 0x00007ffdb2fd3000 	C:\WINDOWS\SYSTEM32\WINMM.dll
0x00007ffdb7650000 - 0x00007ffdb76bb000 	C:\WINDOWS\system32\WS2_32.dll
0x00007ffdb1e10000 - 0x00007ffdb1e1a000 	C:\WINDOWS\SYSTEM32\VERSION.dll
0x00007ffdb2c20000 - 0x00007ffdb2c4c000 	C:\WINDOWS\SYSTEM32\WINMMBASE.dll
0x00007ffdb5570000 - 0x00007ffdb55b3000 	C:\WINDOWS\system32\cfgmgr32.dll
0x000000005d030000 - 0x000000005d03f000 	C:\Program Files\Java\jdk1.8.0_101\jre\bin\verify.dll
0x000000005d000000 - 0x000000005d029000 	C:\Program Files\Java\jdk1.8.0_101\jre\bin\java.dll
0x000000005cfe0000 - 0x000000005cff6000 	C:\Program Files\Java\jdk1.8.0_101\jre\bin\zip.dll
0x00007ffdb5f10000 - 0x00007ffdb746c000 	C:\WINDOWS\system32\SHELL32.dll
0x00007ffdb4ad0000 - 0x00007ffdb5115000 	C:\WINDOWS\system32\windows.storage.dll
0x00007ffdb83c0000 - 0x00007ffdb8412000 	C:\WINDOWS\system32\shlwapi.dll
0x00007ffdb4a40000 - 0x00007ffdb4a4f000 	C:\WINDOWS\system32\kernel.appcore.dll
0x00007ffdb51d0000 - 0x00007ffdb5285000 	C:\WINDOWS\system32\shcore.dll
0x00007ffdb4a50000 - 0x00007ffdb4a9b000 	C:\WINDOWS\system32\powrprof.dll
0x00007ffdb4aa0000 - 0x00007ffdb4ab4000 	C:\WINDOWS\system32\profapi.dll
0x000000005cfc0000 - 0x000000005cfda000 	C:\Program Files\Java\jdk1.8.0_101\jre\bin\net.dll
0x00007ffdb4370000 - 0x00007ffdb43cc000 	C:\WINDOWS\system32\mswsock.dll
0x000000005cfa0000 - 0x000000005cfb1000 	C:\Program Files\Java\jdk1.8.0_101\jre\bin\nio.dll
0x00007ffda4080000 - 0x00007ffda4092000 	C:\Users\Roman\.gradle\native\19\windows-amd64\native-platform.dll
0x00007ffdb4420000 - 0x00007ffdb4437000 	C:\WINDOWS\SYSTEM32\CRYPTSP.dll
0x00007ffdb40b0000 - 0x00007ffdb40e4000 	C:\WINDOWS\system32\rsaenh.dll
0x00007ffdb4640000 - 0x00007ffdb4669000 	C:\WINDOWS\SYSTEM32\bcrypt.dll
0x00007ffdb4200000 - 0x00007ffdb421f000 	C:\WINDOWS\SYSTEM32\USERENV.dll
0x00007ffdb4540000 - 0x00007ffdb454b000 	C:\WINDOWS\SYSTEM32\CRYPTBASE.dll
0x00007ffdb12d0000 - 0x00007ffdb1308000 	C:\WINDOWS\SYSTEM32\IPHLPAPI.DLL
0x00007ffdb7e60000 - 0x00007ffdb7e68000 	C:\WINDOWS\system32\NSI.dll
0x00007ffdae440000 - 0x00007ffdae456000 	C:\WINDOWS\SYSTEM32\dhcpcsvc6.DLL
0x00007ffdad9c0000 - 0x00007ffdad9da000 	C:\WINDOWS\SYSTEM32\dhcpcsvc.DLL
0x000000005cf90000 - 0x000000005cf9d000 	C:\Program Files\Java\jdk1.8.0_101\jre\bin\management.dll

VM Arguments:
jvm_args: -XX:MaxPermSize=256m -XX:+HeapDumpOnOutOfMemoryError -Xmx1024m -Dfile.encoding=windows-1251 -Duser.country=RU -Duser.language=ru -Duser.variant 
java_command: org.gradle.launcher.daemon.bootstrap.GradleDaemon 2.14.1
java_class_path (initial): C:\Program Files\Android\Android Studio\gradle\gradle-2.14.1\lib\gradle-launcher-2.14.1.jar
Launcher Type: SUN_STANDARD

Environment Variables:
PATH=C:\ProgramData\Oracle\Java\javapath;C:\WINDOWS\system32;C:\WINDOWS;C:\WINDOWS\System32\Wbem;C:\WINDOWS\System32\WindowsPowerShell\v1.0\;C:\Program Files (x86)\Skype\Phone\;C:\Users\Roman\.dnx\bin;C:\Program Files\Microsoft DNX\Dnvm\;C:\Program Files (x86)\Windows Kits\8.1\Windows Performance Toolkit\;C:\Program Files\Microsoft SQL Server\120\Tools\Binn\;C:\Program Files\Microsoft SQL Server\130\Tools\Binn\;C:\Program Files\Git\cmd;C:\Program Files (x86)\NVIDIA Corporation\PhysX\Common;C:\Program Files\Condusiv Technologies\ExpressCache\;C:\Program Files (x86)\Brackets\command;C:\PROGRA~1\CONDUS~1\DISKEE~1\;C:\Program Files\Microsoft SQL Server\Client SDK\ODBC\110\Tools\Binn\;C:\Program Files (x86)\Microsoft SQL Server\120\Tools\Binn\;C:\Program Files\Microsoft SQL Server\120\DTS\Binn\;C:\Program Files (x86)\Microsoft SQL Server\110\DTS\Binn\;C:\Program Files (x86)\Microsoft SQL Server\120\DTS\Binn\;C:\Program Files (x86)\Microsoft SQL Server\130\DTS\Binn\;C:\Program Files (x86)\nodejs\;C:\Users\Roman\AppData\Roaming\npm
USERNAME=Roman
OS=Windows_NT
PROCESSOR_IDENTIFIER=Intel64 Family 6 Model 60 Stepping 3, GenuineIntel



---------------  S Y S T E M  ---------------

OS: Windows 10.0 , 64 bit Build 10586 (10.0.10586.589)

CPU:total 8 (4 cores per cpu, 2 threads per core) family 6 model 60 stepping 3, cmov, cx8, fxsr, mmx, sse, sse2, sse3, ssse3, sse4.1, sse4.2, popcnt, avx, avx2, aes, clmul, erms, lzcnt, ht, tsc, tscinvbit, bmi1, bmi2

Memory: 4k page, physical 12004284k(1136444k free), swap 12004284k(6576k free)

vm_info: Java HotSpot(TM) 64-Bit Server VM (25.101-b13) for windows-amd64 JRE (1.8.0_101-b13), built on Jun 22 2016 01:21:29 by "java_re" with MS VC++ 10.0 (VS2010)

time: Thu Sep 22 16:58:13 2016
elapsed time: 23 seconds (0d 0h 0m 23s)

