#
# There is insufficient memory for the Java Runtime Environment to continue.
# Native memory allocation (malloc) failed to allocate 932976 bytes for Chunk::new
# Possible reasons:
#   The system is out of physical RAM or swap space
#   In 32 bit mode, the process size limit was hit
# Possible solutions:
#   Reduce memory load on the system
#   Increase physical memory or swap space
#   Check if swap backing store is full
#   Use 64 bit Java on a 64 bit OS
#   Decrease Java heap size (-Xmx/-Xms)
#   Decrease number of Java threads
#   Decrease Java thread stack sizes (-Xss)
#   Set larger code cache with -XX:ReservedCodeCacheSize=
# This output file may be truncated or incomplete.
#
#  Out of Memory Error (allocation.cpp:390), pid=11936, tid=0x00000000000027d4
#
# JRE version: Java(TM) SE Runtime Environment (8.0_101-b13) (build 1.8.0_101-b13)
# Java VM: Java HotSpot(TM) 64-Bit Server VM (25.101-b13 mixed mode windows-amd64 compressed oops)
# Failed to write core dump. Minidumps are not enabled by default on client versions of Windows
#

---------------  T H R E A D  ---------------

Current thread (0x0000000016d7f800):  JavaThread "C2 CompilerThread2" daemon [_thread_in_native, id=10196, stack(0x0000000017750000,0x0000000017850000)]

Stack: [0x0000000017750000,0x0000000017850000]
[error occurred during error reporting (printing stack bounds), id 0xc0000005]

Native frames: (J=compiled Java code, j=interpreted, Vv=VM code, C=native code)


Current CompileTask:
C2:   2212 1530       4       com.android.dx.ssa.SsaRenamer$BlockRenamer::process (191 bytes)


---------------  P R O C E S S  ---------------

Java Threads: ( => current thread )
  0x0000000016d93000 JavaThread "Service Thread" daemon [_thread_blocked, id=7068, stack(0x0000000017950000,0x0000000017a50000)]
  0x0000000016d85000 JavaThread "C1 CompilerThread3" daemon [_thread_blocked, id=3384, stack(0x0000000017850000,0x0000000017950000)]
=>0x0000000016d7f800 JavaThread "C2 CompilerThread2" daemon [_thread_in_native, id=10196, stack(0x0000000017750000,0x0000000017850000)]
  0x0000000016d7c800 JavaThread "C2 CompilerThread1" daemon [_thread_in_native, id=7024, stack(0x0000000017650000,0x0000000017750000)]
  0x0000000016d79000 JavaThread "C2 CompilerThread0" daemon [_thread_in_native, id=10748, stack(0x0000000017550000,0x0000000017650000)]
  0x0000000016d77800 JavaThread "Attach Listener" daemon [_thread_blocked, id=2620, stack(0x0000000017450000,0x0000000017550000)]
  0x000000000231e800 JavaThread "Signal Dispatcher" daemon [_thread_blocked, id=10516, stack(0x0000000017350000,0x0000000017450000)]
  0x0000000002318000 JavaThread "Finalizer" daemon [_thread_blocked, id=9172, stack(0x0000000017150000,0x0000000017250000)]
  0x0000000014e6d800 JavaThread "Reference Handler" daemon [_thread_blocked, id=2008, stack(0x0000000016c50000,0x0000000016d50000)]
  0x000000000221d800 JavaThread "main" [_thread_in_vm, id=11616, stack(0x0000000002110000,0x0000000002210000)]

Other Threads:
  0x0000000014e69000 VMThread [stack: 0x0000000016b50000,0x0000000016c50000] [id=4080]
  0x0000000016db0000 WatcherThread [stack: 0x0000000017a50000,0x0000000017b50000] [id=9276]

VM state:not at safepoint (normal execution)

VM Mutex/Monitor currently owned by a thread: None

Heap:
 PSYoungGen      total 54784K, used 10391K [0x00000000eab00000, 0x00000000f1600000, 0x0000000100000000)
  eden space 47104K, 5% used [0x00000000eab00000,0x00000000eada9f30,0x00000000ed900000)
  from space 7680K, 99% used [0x00000000ee080000,0x00000000ee7fc038,0x00000000ee800000)
  to   space 7680K, 0% used [0x00000000ed900000,0x00000000ed900000,0x00000000ee080000)
 ParOldGen       total 125952K, used 742K [0x00000000c0000000, 0x00000000c7b00000, 0x00000000eab00000)
  object space 125952K, 0% used [0x00000000c0000000,0x00000000c00b9820,0x00000000c7b00000)
 Metaspace       used 6808K, capacity 7544K, committed 7680K, reserved 1056768K
  class space    used 644K, capacity 688K, committed 768K, reserved 1048576K

Card table byte_map: [0x00000000116f0000,0x0000000011900000] byte_map_base: 0x00000000110f0000

Marking Bits: (ParMarkBitMap*) 0x00000000631ca6d0
 Begin Bits: [0x0000000012260000, 0x0000000013260000)
 End Bits:   [0x0000000013260000, 0x0000000014260000)

Polling page: 0x0000000000580000

CodeCache: size=245760Kb used=7326Kb max_used=7326Kb free=238433Kb
 bounds [0x0000000002330000, 0x0000000002a60000, 0x0000000011330000]
 total_blobs=2252 nmethods=1980 adapters=185
 compilation: enabled

Compilation events (10 events):
Event: 2.179 Thread 0x0000000016d85000 2018       2       java.util.zip.ZipFile::access$1300 (5 bytes)
Event: 2.179 Thread 0x0000000016d85000 nmethod 2018 0x0000000002a5b950 code [0x0000000002a5bac0, 0x0000000002a5bc68]
Event: 2.179 Thread 0x0000000016d85000 2019       2       java.util.zip.ZipFile::ensureOpenOrZipException (18 bytes)
Event: 2.179 Thread 0x0000000016d85000 nmethod 2019 0x0000000002a5bd90 code [0x0000000002a5bf00, 0x0000000002a5c0c8]
Event: 2.179 Thread 0x0000000016d85000 2020       2       java.util.zip.ZipFile::access$1400 (14 bytes)
Event: 2.179 Thread 0x0000000016d85000 nmethod 2020 0x0000000002a5c190 code [0x0000000002a5c2e0, 0x0000000002a5c428]
Event: 2.200 Thread 0x0000000016d85000 2022   !   2       java.util.zip.Inflater::setInput (74 bytes)
Event: 2.200 Thread 0x0000000016d85000 nmethod 2022 0x0000000002a5c890 code [0x0000000002a5ca20, 0x0000000002a5ce98]
Event: 2.202 Thread 0x0000000016d85000 2023       2       sun.misc.URLClassPath$JarLoader$2::getCodeSigners (8 bytes)
Event: 2.202 Thread 0x0000000016d85000 nmethod 2023 0x0000000002a5d0d0 code [0x0000000002a5d240, 0x0000000002a5d3c8]

GC Heap History (4 events):
Event: 1.594 GC heap before
{Heap before GC invocations=1 (full 0):
 PSYoungGen      total 54784K, used 47104K [0x00000000eab00000, 0x00000000ee800000, 0x0000000100000000)
  eden space 47104K, 100% used [0x00000000eab00000,0x00000000ed900000,0x00000000ed900000)
  from space 7680K, 0% used [0x00000000ee080000,0x00000000ee080000,0x00000000ee800000)
  to   space 7680K, 0% used [0x00000000ed900000,0x00000000ed900000,0x00000000ee080000)
 ParOldGen       total 125952K, used 0K [0x00000000c0000000, 0x00000000c7b00000, 0x00000000eab00000)
  object space 125952K, 0% used [0x00000000c0000000,0x00000000c0000000,0x00000000c7b00000)
 Metaspace       used 5917K, capacity 6960K, committed 7040K, reserved 1056768K
  class space    used 588K, capacity 616K, committed 640K, reserved 1048576K
Event: 1.604 GC heap after
Heap after GC invocations=1 (full 0):
 PSYoungGen      total 54784K, used 7631K [0x00000000eab00000, 0x00000000ee800000, 0x0000000100000000)
  eden space 47104K, 0% used [0x00000000eab00000,0x00000000eab00000,0x00000000ed900000)
  from space 7680K, 99% used [0x00000000ed900000,0x00000000ee073e58,0x00000000ee080000)
  to   space 7680K, 0% used [0x00000000ee080000,0x00000000ee080000,0x00000000ee800000)
 ParOldGen       total 125952K, used 16K [0x00000000c0000000, 0x00000000c7b00000, 0x00000000eab00000)
  object space 125952K, 0% used [0x00000000c0000000,0x00000000c0004000,0x00000000c7b00000)
 Metaspace       used 5917K, capacity 6960K, committed 7040K, reserved 1056768K
  class space    used 588K, capacity 616K, committed 640K, reserved 1048576K
}
Event: 2.000 GC heap before
{Heap before GC invocations=2 (full 0):
 PSYoungGen      total 54784K, used 54735K [0x00000000eab00000, 0x00000000ee800000, 0x0000000100000000)
  eden space 47104K, 100% used [0x00000000eab00000,0x00000000ed900000,0x00000000ed900000)
  from space 7680K, 99% used [0x00000000ed900000,0x00000000ee073e58,0x00000000ee080000)
  to   space 7680K, 0% used [0x00000000ee080000,0x00000000ee080000,0x00000000ee800000)
 ParOldGen       total 125952K, used 16K [0x00000000c0000000, 0x00000000c7b00000, 0x00000000eab00000)
  object space 125952K, 0% used [0x00000000c0000000,0x00000000c0004000,0x00000000c7b00000)
 Metaspace       used 6416K, capacity 7376K, committed 7680K, reserved 1056768K
  class space    used 609K, capacity 648K, committed 768K, reserved 1048576K
Event: 2.028 GC heap after
Heap after GC invocations=2 (full 0):
 PSYoungGen      total 54784K, used 7664K [0x00000000eab00000, 0x00000000f1600000, 0x0000000100000000)
  eden space 47104K, 0% used [0x00000000eab00000,0x00000000eab00000,0x00000000ed900000)
  from space 7680K, 99% used [0x00000000ee080000,0x00000000ee7fc038,0x00000000ee800000)
  to   space 7680K, 0% used [0x00000000ed900000,0x00000000ed900000,0x00000000ee080000)
 ParOldGen       total 125952K, used 742K [0x00000000c0000000, 0x00000000c7b00000, 0x00000000eab00000)
  object space 125952K, 0% used [0x00000000c0000000,0x00000000c00b9820,0x00000000c7b00000)
 Metaspace       used 6416K, capacity 7376K, committed 7680K, reserved 1056768K
  class space    used 609K, capacity 648K, committed 768K, reserved 1048576K
}

Deoptimization events (10 events):
Event: 1.841 Thread 0x000000000221d800 Uncommon trap: reason=class_check action=maybe_recompile pc=0x0000000002765a48 method=java.util.HashMap.putVal(ILjava/lang/Object;Ljava/lang/Object;ZZ)Ljava/lang/Object; @ 203
Event: 1.921 Thread 0x000000000221d800 Uncommon trap: reason=speculate_class_check action=maybe_recompile pc=0x00000000027462a0 method=com.android.dx.util.FixedSizeList.equals(Ljava/lang/Object;)Z @ 25
Event: 1.921 Thread 0x000000000221d800 Uncommon trap: reason=class_check action=maybe_recompile pc=0x00000000026ec054 method=java.util.Arrays.equals([Ljava/lang/Object;[Ljava/lang/Object;)Z @ 62
Event: 1.921 Thread 0x000000000221d800 Uncommon trap: reason=speculate_class_check action=maybe_recompile pc=0x00000000027462a0 method=com.android.dx.util.FixedSizeList.equals(Ljava/lang/Object;)Z @ 25
Event: 1.921 Thread 0x000000000221d800 Uncommon trap: reason=class_check action=maybe_recompile pc=0x00000000026ec054 method=java.util.Arrays.equals([Ljava/lang/Object;[Ljava/lang/Object;)Z @ 62
Event: 1.921 Thread 0x000000000221d800 Uncommon trap: reason=speculate_class_check action=maybe_recompile pc=0x00000000027462a0 method=com.android.dx.util.FixedSizeList.equals(Ljava/lang/Object;)Z @ 25
Event: 1.921 Thread 0x000000000221d800 Uncommon trap: reason=class_check action=maybe_recompile pc=0x00000000026ec054 method=java.util.Arrays.equals([Ljava/lang/Object;[Ljava/lang/Object;)Z @ 62
Event: 1.921 Thread 0x000000000221d800 Uncommon trap: reason=speculate_class_check action=maybe_recompile pc=0x00000000027462a0 method=com.android.dx.util.FixedSizeList.equals(Ljava/lang/Object;)Z @ 25
Event: 1.921 Thread 0x000000000221d800 Uncommon trap: reason=class_check action=maybe_recompile pc=0x00000000026ec054 method=java.util.Arrays.equals([Ljava/lang/Object;[Ljava/lang/Object;)Z @ 62
Event: 2.155 Thread 0x000000000221d800 Uncommon trap: reason=unstable_if action=reinterpret pc=0x00000000025ce180 method=java.util.Arrays.copyOf([Ljava/lang/Object;ILjava/lang/Class;)[Ljava/lang/Object; @ 3

Internal exceptions (2 events):
Event: 0.599 Thread 0x000000000221d800 Exception <a 'java/lang/NoSuchMethodError': Method sun.misc.Unsafe.defineClass(Ljava/lang/String;[BII)Ljava/lang/Class; name or signature does not match> (0x00000000eab07cc0) thrown at [C:\re\workspace\8-2-build-windows-amd64-cygwin\jdk8u101\7261\hotspot\s¬¯¶¥S+ã?
Event: 0.599 Thread 0x000000000221d800 Exception <a 'java/lang/NoSuchMethodError': Method sun.misc.Unsafe.prefetchRead(Ljava/lang/Object;J)V name or signature does not match> (0x00000000eab07fa8) thrown at [C:\re\workspace\8-2-build-windows-amd64-cygwin\jdk8u101\7261\hotspot\src\share\vm\prims\

Events (10 events):
Event: 2.172 loading class java/util/zip/Checksum done
Event: 2.172 loading class java/util/zip/Adler32 done
Event: 2.173 loading class com/android/dex/Dex
Event: 2.173 loading class com/android/dex/Dex done
Event: 2.174 loading class com/android/dex/TableOfContents
Event: 2.174 loading class com/android/dex/TableOfContents done
Event: 2.174 loading class com/android/dex/TableOfContents$Section
Event: 2.174 loading class com/android/dex/TableOfContents$Section done
Event: 2.175 loading class com/android/dex/Dex$StringTable
Event: 2.175 loading class com/android/dex/Dex$StringTable done


Dynamic libraries:
0x00007ff7eebe0000 - 0x00007ff7eec17000 	C:\Program Files\Java\jdk1.8.0_101\bin\java.exe
0x00007ffd6c480000 - 0x00007ffd6c641000 	C:\WINDOWS\SYSTEM32\ntdll.dll
0x00007ffd6a190000 - 0x00007ffd6a23d000 	C:\WINDOWS\system32\KERNEL32.DLL
0x00007ffd68da0000 - 0x00007ffd68f88000 	C:\WINDOWS\system32\KERNELBASE.dll
0x00007ffd69890000 - 0x00007ffd69937000 	C:\WINDOWS\system32\ADVAPI32.dll
0x00007ffd6a450000 - 0x00007ffd6a4ed000 	C:\WINDOWS\system32\msvcrt.dll
0x00007ffd6c230000 - 0x00007ffd6c28b000 	C:\WINDOWS\system32\sechost.dll
0x00007ffd69940000 - 0x00007ffd69a5c000 	C:\WINDOWS\system32\RPCRT4.dll
0x00007ffd6bf20000 - 0x00007ffd6c076000 	C:\WINDOWS\system32\USER32.dll
0x00007ffd6c290000 - 0x00007ffd6c416000 	C:\WINDOWS\system32\GDI32.dll
0x00007ffd64a50000 - 0x00007ffd64cc4000 	C:\WINDOWS\WinSxS\amd64_microsoft.windows.common-controls_6595b64144ccf1df_6.0.10586.589_none_a2ddb3caa539acce\COMCTL32.dll
0x00007ffd6bbc0000 - 0x00007ffd6be3d000 	C:\WINDOWS\system32\combase.dll
0x00007ffd68bc0000 - 0x00007ffd68c2a000 	C:\WINDOWS\system32\bcryptPrimitives.dll
0x00007ffd6a410000 - 0x00007ffd6a44b000 	C:\WINDOWS\system32\IMM32.DLL
0x0000000064d20000 - 0x0000000064df2000 	C:\Program Files\Java\jdk1.8.0_101\jre\bin\msvcr100.dll
0x00000000629b0000 - 0x000000006324a000 	C:\Program Files\Java\jdk1.8.0_101\jre\bin\server\jvm.dll
0x00007ffd6be40000 - 0x00007ffd6be48000 	C:\WINDOWS\system32\PSAPI.DLL
0x00007ffd59290000 - 0x00007ffd59299000 	C:\WINDOWS\SYSTEM32\WSOCK32.dll
0x00007ffd6beb0000 - 0x00007ffd6bf1b000 	C:\WINDOWS\system32\WS2_32.dll
0x00007ffd66e80000 - 0x00007ffd66ea3000 	C:\WINDOWS\SYSTEM32\WINMM.dll
0x00007ffd64ce0000 - 0x00007ffd64cea000 	C:\WINDOWS\SYSTEM32\VERSION.dll
0x00007ffd66e50000 - 0x00007ffd66e7c000 	C:\WINDOWS\SYSTEM32\WINMMBASE.dll
0x00007ffd695e0000 - 0x00007ffd69623000 	C:\WINDOWS\system32\cfgmgr32.dll
0x0000000064d10000 - 0x0000000064d1f000 	C:\Program Files\Java\jdk1.8.0_101\jre\bin\verify.dll
0x0000000064ce0000 - 0x0000000064d09000 	C:\Program Files\Java\jdk1.8.0_101\jre\bin\java.dll
0x0000000064cc0000 - 0x0000000064cd6000 	C:\Program Files\Java\jdk1.8.0_101\jre\bin\zip.dll
0x00007ffd6a660000 - 0x00007ffd6bbbc000 	C:\WINDOWS\system32\SHELL32.dll
0x00007ffd68f90000 - 0x00007ffd695d5000 	C:\WINDOWS\system32\windows.storage.dll
0x00007ffd6a600000 - 0x00007ffd6a652000 	C:\WINDOWS\system32\shlwapi.dll
0x00007ffd68b10000 - 0x00007ffd68b1f000 	C:\WINDOWS\system32\kernel.appcore.dll
0x00007ffd68ce0000 - 0x00007ffd68d95000 	C:\WINDOWS\system32\shcore.dll
0x00007ffd68ac0000 - 0x00007ffd68b0b000 	C:\WINDOWS\system32\powrprof.dll
0x00007ffd68aa0000 - 0x00007ffd68ab4000 	C:\WINDOWS\system32\profapi.dll

VM Arguments:
jvm_args: -Djava.awt.headless=true -Xmx1024M -Dfile.encoding=windows-1251 -Duser.country=RU -Duser.language=ru -Duser.variant 
java_command: com.android.dx.command.Main --dex --force-jumbo --num-threads=4 --output C:\Users\Roman\GoogleDrive\ORT\Android\Gallery_Fragment2\app\build\intermediates\pre-dexed\debug\internal_impl-24.2.1_636fecf8ef8f9527ed881ddb464e2b6b0415ae7e.jar C:\Users\Roman\GoogleDrive\ORT\Android\Gallery_Fragment2\app\build\intermediates\exploded-aar\com.android.support\support-compat\24.2.1\jars\libs\internal_impl-24.2.1.jar
java_class_path (initial): C:\Users\Roman\AppData\Local\Android\sdk\build-tools\24.0.1\lib\dx.jar
Launcher Type: SUN_STANDARD

Environment Variables:
PATH=C:\ProgramData\Oracle\Java\javapath;C:\WINDOWS\system32;C:\WINDOWS;C:\WINDOWS\System32\Wbem;C:\WINDOWS\System32\WindowsPowerShell\v1.0\;C:\Program Files (x86)\Skype\Phone\;C:\Users\Roman\.dnx\bin;C:\Program Files\Microsoft DNX\Dnvm\;C:\Program Files (x86)\Windows Kits\8.1\Windows Performance Toolkit\;C:\Program Files\Microsoft SQL Server\120\Tools\Binn\;C:\Program Files\Microsoft SQL Server\130\Tools\Binn\;C:\Program Files\Git\cmd;C:\Program Files (x86)\NVIDIA Corporation\PhysX\Common;C:\Program Files\Condusiv Technologies\ExpressCache\;C:\Program Files (x86)\Brackets\command;C:\PROGRA~1\CONDUS~1\DISKEE~1\;C:\Program Files\Microsoft SQL Server\Client SDK\ODBC\110\Tools\Binn\;C:\Program Files (x86)\Microsoft SQL Server\120\Tools\Binn\;C:\Program Files\Microsoft SQL Server\120\DTS\Binn\;C:\Program Files (x86)\Microsoft SQL Server\110\DTS\Binn\;C:\Program Files (x86)\Microsoft SQL Server\120\DTS\Binn\;C:\Program Files (x86)\Microsoft SQL Server\130\DTS\Binn\;C:\Program Files (x86)\nodejs\;C:\Users\Roman\AppData\Roaming\npm
USERNAME=Roman
OS=Windows_NT
PROCESSOR_IDENTIFIER=Intel64 Family 6 Model 60 Stepping 3, GenuineIntel



---------------  S Y S T E M  ---------------

OS: Windows 10.0 , 64 bit Build 10586 (10.0.10586.589)

CPU:total 8 (4 cores per cpu, 2 threads per core) family 6 model 60 stepping 3, cmov, cx8, fxsr, mmx, sse, sse2, sse3, ssse3, sse4.1, sse4.2, popcnt, avx, avx2, aes, clmul, erms, lzcnt, ht, tsc, tscinvbit, bmi1, bmi2

Memory: 4k page, physical 12004284k(2315020k free), swap 12004284k(5804k free)

vm_info: Java HotSpot(TM) 64-Bit Server VM (25.101-b13) for windows-amd64 JRE (1.8.0_101-b13), built on Jun 22 2016 01:21:29 by "java_re" with MS VC++ 10.0 (VS2010)

time: Wed Sep 21 08:31:36 2016
elapsed time: 2 seconds (0d 0h 0m 2s)

