#
# There is insufficient memory for the Java Runtime Environment to continue.
# Native memory allocation (malloc) failed to allocate 346096 bytes for Chunk::new
# Possible reasons:
#   The system is out of physical RAM or swap space
#   In 32 bit mode, the process size limit was hit
# Possible solutions:
#   Reduce memory load on the system
#   Increase physical memory or swap space
#   Check if swap backing store is full
#   Use 64 bit Java on a 64 bit OS
#   Decrease Java heap size (-Xmx/-Xms)
#   Decrease number of Java threads
#   Decrease Java thread stack sizes (-Xss)
#   Set larger code cache with -XX:ReservedCodeCacheSize=
# This output file may be truncated or incomplete.
#
#  Out of Memory Error (allocation.cpp:390), pid=1972, tid=0x00000000000011b0
#
# JRE version: Java(TM) SE Runtime Environment (8.0_101-b13) (build 1.8.0_101-b13)
# Java VM: Java HotSpot(TM) 64-Bit Server VM (25.101-b13 mixed mode windows-amd64 compressed oops)
# Failed to write core dump. Minidumps are not enabled by default on client versions of Windows
#

---------------  T H R E A D  ---------------

Current thread (0x0000000016e1c800):  JavaThread "C2 CompilerThread1" daemon [_thread_in_native, id=4528, stack(0x00000000176e0000,0x00000000177e0000)]

Stack: [0x00000000176e0000,0x00000000177e0000]
[error occurred during error reporting (printing stack bounds), id 0xc0000005]

Native frames: (J=compiled Java code, j=interpreted, Vv=VM code, C=native code)


Current CompileTask:
C2:   3004 1917       4       com.android.dx.ssa.SCCP::addUsersToWorklist (103 bytes)


---------------  P R O C E S S  ---------------

Java Threads: ( => current thread )
  0x00000000171a9800 JavaThread "pool-1-thread-4" [_thread_in_Java, id=8284, stack(0x00000000187e0000,0x00000000188e0000)]
  0x0000000017135800 JavaThread "pool-1-thread-3" [_thread_in_Java, id=4136, stack(0x00000000186e0000,0x00000000187e0000)]
  0x000000001716b800 JavaThread "pool-1-thread-2" [_thread_in_Java, id=4468, stack(0x00000000185e0000,0x00000000186e0000)]
  0x0000000017120000 JavaThread "pool-2-thread-1" [_thread_blocked, id=11960, stack(0x00000000184e0000,0x00000000185e0000)]
  0x000000001716e800 JavaThread "pool-1-thread-1" [_thread_blocked, id=10420, stack(0x00000000183e0000,0x00000000184e0000)]
  0x0000000016ec1000 JavaThread "Service Thread" daemon [_thread_blocked, id=1136, stack(0x00000000179e0000,0x0000000017ae0000)]
  0x0000000016e32000 JavaThread "C1 CompilerThread3" daemon [_thread_blocked, id=3468, stack(0x00000000178e0000,0x00000000179e0000)]
  0x0000000016e21800 JavaThread "C2 CompilerThread2" daemon [_thread_in_native, id=2032, stack(0x00000000177e0000,0x00000000178e0000)]
=>0x0000000016e1c800 JavaThread "C2 CompilerThread1" daemon [_thread_in_native, id=4528, stack(0x00000000176e0000,0x00000000177e0000)]
  0x0000000016e19000 JavaThread "C2 CompilerThread0" daemon [_thread_in_native, id=4440, stack(0x00000000175e0000,0x00000000176e0000)]
  0x0000000016e18000 JavaThread "Attach Listener" daemon [_thread_blocked, id=1452, stack(0x00000000174e0000,0x00000000175e0000)]
  0x0000000016e17000 JavaThread "Signal Dispatcher" daemon [_thread_blocked, id=9188, stack(0x00000000173e0000,0x00000000174e0000)]
  0x00000000023e8000 JavaThread "Finalizer" daemon [_thread_blocked, id=9320, stack(0x00000000171f0000,0x00000000172f0000)]
  0x0000000014f0d800 JavaThread "Reference Handler" daemon [_thread_blocked, id=4416, stack(0x0000000016cf0000,0x0000000016df0000)]
  0x00000000020cd800 JavaThread "main" [_thread_blocked, id=6616, stack(0x00000000020d0000,0x00000000021d0000)]

Other Threads:
  0x0000000014f09000 VMThread [stack: 0x0000000016bf0000,0x0000000016cf0000] [id=3692]
  0x0000000016ec3000 WatcherThread [stack: 0x0000000017ae0000,0x0000000017be0000] [id=7144]

VM state:not at safepoint (normal execution)

VM Mutex/Monitor currently owned by a thread: None

Heap:
 PSYoungGen      total 101888K, used 71193K [0x00000000eab00000, 0x00000000f1600000, 0x0000000100000000)
  eden space 94208K, 67% used [0x00000000eab00000,0x00000000ee907ae0,0x00000000f0700000)
  from space 7680K, 99% used [0x00000000f0e80000,0x00000000f15feac8,0x00000000f1600000)
  to   space 7680K, 0% used [0x00000000f0700000,0x00000000f0700000,0x00000000f0e80000)
 ParOldGen       total 125952K, used 5469K [0x00000000c0000000, 0x00000000c7b00000, 0x00000000eab00000)
  object space 125952K, 4% used [0x00000000c0000000,0x00000000c0557730,0x00000000c7b00000)
 Metaspace       used 6245K, capacity 7152K, committed 7296K, reserved 1056768K
  class space    used 591K, capacity 616K, committed 640K, reserved 1048576K

Card table byte_map: [0x00000000117b0000,0x00000000119c0000] byte_map_base: 0x00000000111b0000

Marking Bits: (ParMarkBitMap*) 0x00000000631ca6d0
 Begin Bits: [0x0000000012320000, 0x0000000013320000)
 End Bits:   [0x0000000013320000, 0x0000000014320000)

Polling page: 0x0000000002060000

CodeCache: size=245760Kb used=8757Kb max_used=8770Kb free=237002Kb
 bounds [0x00000000023f0000, 0x0000000002c90000, 0x00000000113f0000]
 total_blobs=2195 nmethods=1931 adapters=176
 compilation: enabled

Compilation events (10 events):
Event: 2.986 Thread 0x0000000016e32000 1969       2       com.android.dx.rop.cst.CstArray::<init> (28 bytes)
Event: 2.986 Thread 0x0000000016e32000 nmethod 1969 0x0000000002c41ed0 code [0x0000000002c42060, 0x0000000002c42358]
Event: 2.988 Thread 0x0000000016e32000 1970       2       com.android.dx.rop.cst.CstArray$List::<init> (6 bytes)
Event: 2.988 Thread 0x0000000016e32000 nmethod 1970 0x0000000002c44790 code [0x0000000002c44900, 0x0000000002c44a68]
Event: 2.989 Thread 0x0000000016e32000 1971       2       com.android.dx.ssa.SsaMethod$1::visitMoveInsn (17 bytes)
Event: 2.989 Thread 0x0000000016e32000 nmethod 1971 0x0000000002c44250 code [0x0000000002c443c0, 0x0000000002c445d0]
Event: 2.994 Thread 0x0000000016e32000 1973       2       com.android.dx.rop.code.Rops::opIfEq (17 bytes)
Event: 2.995 Thread 0x0000000016e32000 nmethod 1973 0x0000000002c43ed0 code [0x0000000002c44040, 0x0000000002c441c8]
Event: 2.999 Thread 0x0000000016e21800 nmethod 1933 0x0000000002c89050 code [0x0000000002c891e0, 0x0000000002c89b38]
Event: 2.999 Thread 0x0000000016e21800 1972       4       com.android.dx.ssa.MoveParamCombiner$1::visitNonMoveInsn (213 bytes)

GC Heap History (4 events):
Event: 0.950 GC heap before
{Heap before GC invocations=1 (full 0):
 PSYoungGen      total 54784K, used 47104K [0x00000000eab00000, 0x00000000ee800000, 0x0000000100000000)
  eden space 47104K, 100% used [0x00000000eab00000,0x00000000ed900000,0x00000000ed900000)
  from space 7680K, 0% used [0x00000000ee080000,0x00000000ee080000,0x00000000ee800000)
  to   space 7680K, 0% used [0x00000000ed900000,0x00000000ed900000,0x00000000ee080000)
 ParOldGen       total 125952K, used 0K [0x00000000c0000000, 0x00000000c7b00000, 0x00000000eab00000)
  object space 125952K, 0% used [0x00000000c0000000,0x00000000c0000000,0x00000000c7b00000)
 Metaspace       used 5932K, capacity 6960K, committed 7040K, reserved 1056768K
  class space    used 591K, capacity 616K, committed 640K, reserved 1048576K
Event: 0.968 GC heap after
Heap after GC invocations=1 (full 0):
 PSYoungGen      total 54784K, used 7678K [0x00000000eab00000, 0x00000000f1600000, 0x0000000100000000)
  eden space 47104K, 0% used [0x00000000eab00000,0x00000000eab00000,0x00000000ed900000)
  from space 7680K, 99% used [0x00000000ed900000,0x00000000ee07fb20,0x00000000ee080000)
  to   space 7680K, 0% used [0x00000000f0e80000,0x00000000f0e80000,0x00000000f1600000)
 ParOldGen       total 125952K, used 270K [0x00000000c0000000, 0x00000000c7b00000, 0x00000000eab00000)
  object space 125952K, 0% used [0x00000000c0000000,0x00000000c0043800,0x00000000c7b00000)
 Metaspace       used 5932K, capacity 6960K, committed 7040K, reserved 1056768K
  class space    used 591K, capacity 616K, committed 640K, reserved 1048576K
}
Event: 2.281 GC heap before
{Heap before GC invocations=2 (full 0):
 PSYoungGen      total 54784K, used 54782K [0x00000000eab00000, 0x00000000f1600000, 0x0000000100000000)
  eden space 47104K, 100% used [0x00000000eab00000,0x00000000ed900000,0x00000000ed900000)
  from space 7680K, 99% used [0x00000000ed900000,0x00000000ee07fb20,0x00000000ee080000)
  to   space 7680K, 0% used [0x00000000f0e80000,0x00000000f0e80000,0x00000000f1600000)
 ParOldGen       total 125952K, used 270K [0x00000000c0000000, 0x00000000c7b00000, 0x00000000eab00000)
  object space 125952K, 0% used [0x00000000c0000000,0x00000000c0043800,0x00000000c7b00000)
 Metaspace       used 6185K, capacity 7152K, committed 7296K, reserved 1056768K
  class space    used 591K, capacity 616K, committed 640K, reserved 1048576K
Event: 2.313 GC heap after
Heap after GC invocations=2 (full 0):
 PSYoungGen      total 101888K, used 7674K [0x00000000eab00000, 0x00000000f1600000, 0x0000000100000000)
  eden space 94208K, 0% used [0x00000000eab00000,0x00000000eab00000,0x00000000f0700000)
  from space 7680K, 99% used [0x00000000f0e80000,0x00000000f15feac8,0x00000000f1600000)
  to   space 7680K, 0% used [0x00000000f0700000,0x00000000f0700000,0x00000000f0e80000)
 ParOldGen       total 125952K, used 5469K [0x00000000c0000000, 0x00000000c7b00000, 0x00000000eab00000)
  object space 125952K, 4% used [0x00000000c0000000,0x00000000c0557730,0x00000000c7b00000)
 Metaspace       used 6185K, capacity 7152K, committed 7296K, reserved 1056768K
  class space    used 591K, capacity 616K, committed 640K, reserved 1048576K
}

Deoptimization events (10 events):
Event: 2.558 Thread 0x000000001716b800 Uncommon trap: reason=bimorphic action=maybe_recompile pc=0x0000000002a41720 method=com.android.dx.cf.code.RopperMachine.run(Lcom/android/dx/cf/code/Frame;II)V @ 988
Event: 2.558 Thread 0x000000001716b800 Uncommon trap: reason=bimorphic action=maybe_recompile pc=0x0000000002a41720 method=com.android.dx.cf.code.RopperMachine.run(Lcom/android/dx/cf/code/Frame;II)V @ 988
Event: 2.559 Thread 0x000000001716b800 Uncommon trap: reason=class_check action=maybe_recompile pc=0x0000000002a42b10 method=com.android.dx.cf.code.RopperMachine.run(Lcom/android/dx/cf/code/Frame;II)V @ 310
Event: 2.559 Thread 0x000000001716b800 Uncommon trap: reason=class_check action=maybe_recompile pc=0x0000000002a42b10 method=com.android.dx.cf.code.RopperMachine.run(Lcom/android/dx/cf/code/Frame;II)V @ 310
Event: 2.560 Thread 0x000000001716b800 Uncommon trap: reason=class_check action=maybe_recompile pc=0x0000000002a42b10 method=com.android.dx.cf.code.RopperMachine.run(Lcom/android/dx/cf/code/Frame;II)V @ 310
Event: 2.560 Thread 0x00000000171a9800 Uncommon trap: reason=bimorphic action=maybe_recompile pc=0x0000000002a9f7a4 method=com.android.dx.ssa.LiteralOpUpgrader.tryReplacingWithConstant(Lcom/android/dx/ssa/NormalSsaInsn;)Z @ 62
Event: 2.560 Thread 0x000000001716b800 Uncommon trap: reason=class_check action=maybe_recompile pc=0x0000000002a42b10 method=com.android.dx.cf.code.RopperMachine.run(Lcom/android/dx/cf/code/Frame;II)V @ 310
Event: 2.571 Thread 0x000000001716b800 Uncommon trap: reason=bimorphic action=maybe_recompile pc=0x00000000027f1f64 method=java.util.HashMap.getNode(ILjava/lang/Object;)Ljava/util/HashMap$Node; @ 126
Event: 2.576 Thread 0x000000001716b800 Uncommon trap: reason=bimorphic action=maybe_recompile pc=0x00000000027f1f64 method=java.util.HashMap.getNode(ILjava/lang/Object;)Ljava/util/HashMap$Node; @ 126
Event: 2.926 Thread 0x00000000020cd800 Uncommon trap: reason=unloaded action=reinterpret pc=0x0000000002b289b4 method=com.android.dx.cf.cst.ConstantPoolParser.parse0(ILjava/util/BitSet;)Lcom/android/dx/rop/cst/Constant; @ 220

Internal exceptions (5 events):
Event: 0.052 Thread 0x00000000020cd800 Exception <a 'java/lang/NoSuchMethodError': Method sun.misc.Unsafe.defineClass(Ljava/lang/String;[BII)Ljava/lang/Class; name or signature does not match> (0x00000000eab07cc0) thrown at [C:\re\workspace\8-2-build-windows-amd64-cygwin\jdk8u101\7261\hotspot\sÍ `ˆè™?
Event: 0.052 Thread 0x00000000020cd800 Exception <a 'java/lang/NoSuchMethodError': Method sun.misc.Unsafe.prefetchRead(Ljava/lang/Object;J)V name or signature does not match> (0x00000000eab07fa8) thrown at [C:\re\workspace\8-2-build-windows-amd64-cygwin\jdk8u101\7261\hotspot\src\share\vm\prims\Â&!ä?
Event: 1.007 Thread 0x00000000171a9800 Implicit null exception at 0x0000000002766c16 to 0x0000000002768fa9
Event: 1.007 Thread 0x00000000171a9800 Implicit null exception at 0x00000000027a9c4e to 0x00000000027ac2c1
Event: 1.163 Thread 0x00000000171a9800 Implicit null exception at 0x0000000002688be2 to 0x0000000002688cda

Events (10 events):
Event: 2.585 Thread 0x000000001716e800 DEOPT UNPACKING pc=0x000000000243787f sp=0x00000000184de820 mode 0
Event: 2.633 Thread 0x000000001716e800 DEOPT PACKING pc=0x000000000289e127 sp=0x00000000184deb60
Event: 2.633 Thread 0x000000001716e800 DEOPT UNPACKING pc=0x000000000243787f sp=0x00000000184de958 mode 0
Event: 2.640 Thread 0x000000001716e800 DEOPT PACKING pc=0x00000000027ce7f3 sp=0x00000000184dec50
Event: 2.640 Thread 0x000000001716e800 DEOPT UNPACKING pc=0x000000000243787f sp=0x00000000184de9a0 mode 0
Event: 2.926 Thread 0x00000000020cd800 Uncommon trap: trap_request=0x000000d4 fr.pc=0x0000000002b289b4
Event: 2.926 Thread 0x00000000020cd800 DEOPT PACKING pc=0x0000000002b289b4 sp=0x00000000021ce950
Event: 2.926 Thread 0x00000000020cd800 DEOPT UNPACKING pc=0x000000000243582a sp=0x00000000021ce990 mode 2
Event: 2.977 Thread 0x000000001716e800 DEOPT PACKING pc=0x000000000288af1c sp=0x00000000184def30
Event: 2.977 Thread 0x000000001716e800 DEOPT UNPACKING pc=0x000000000243787f sp=0x00000000184dec88 mode 0


Dynamic libraries:
0x00007ff7eebe0000 - 0x00007ff7eec17000 	C:\Program Files\Java\jdk1.8.0_101\bin\java.exe
0x00007ffd6c480000 - 0x00007ffd6c641000 	C:\WINDOWS\SYSTEM32\ntdll.dll
0x00007ffd6a190000 - 0x00007ffd6a23d000 	C:\WINDOWS\system32\KERNEL32.DLL
0x00007ffd68da0000 - 0x00007ffd68f88000 	C:\WINDOWS\system32\KERNELBASE.dll
0x00007ffd69890000 - 0x00007ffd69937000 	C:\WINDOWS\system32\ADVAPI32.dll
0x00007ffd6a450000 - 0x00007ffd6a4ed000 	C:\WINDOWS\system32\msvcrt.dll
0x00007ffd6c230000 - 0x00007ffd6c28b000 	C:\WINDOWS\system32\sechost.dll
0x00007ffd69940000 - 0x00007ffd69a5c000 	C:\WINDOWS\system32\RPCRT4.dll
0x00007ffd6bf20000 - 0x00007ffd6c076000 	C:\WINDOWS\system32\USER32.dll
0x00007ffd6c290000 - 0x00007ffd6c416000 	C:\WINDOWS\system32\GDI32.dll
0x00007ffd64a50000 - 0x00007ffd64cc4000 	C:\WINDOWS\WinSxS\amd64_microsoft.windows.common-controls_6595b64144ccf1df_6.0.10586.589_none_a2ddb3caa539acce\COMCTL32.dll
0x00007ffd6bbc0000 - 0x00007ffd6be3d000 	C:\WINDOWS\system32\combase.dll
0x00007ffd68bc0000 - 0x00007ffd68c2a000 	C:\WINDOWS\system32\bcryptPrimitives.dll
0x00007ffd6a410000 - 0x00007ffd6a44b000 	C:\WINDOWS\system32\IMM32.DLL
0x0000000064d20000 - 0x0000000064df2000 	C:\Program Files\Java\jdk1.8.0_101\jre\bin\msvcr100.dll
0x00000000629b0000 - 0x000000006324a000 	C:\Program Files\Java\jdk1.8.0_101\jre\bin\server\jvm.dll
0x00007ffd6be40000 - 0x00007ffd6be48000 	C:\WINDOWS\system32\PSAPI.DLL
0x00007ffd59290000 - 0x00007ffd59299000 	C:\WINDOWS\SYSTEM32\WSOCK32.dll
0x00007ffd6beb0000 - 0x00007ffd6bf1b000 	C:\WINDOWS\system32\WS2_32.dll
0x00007ffd66e80000 - 0x00007ffd66ea3000 	C:\WINDOWS\SYSTEM32\WINMM.dll
0x00007ffd64ce0000 - 0x00007ffd64cea000 	C:\WINDOWS\SYSTEM32\VERSION.dll
0x00007ffd66e50000 - 0x00007ffd66e7c000 	C:\WINDOWS\SYSTEM32\WINMMBASE.dll
0x00007ffd695e0000 - 0x00007ffd69623000 	C:\WINDOWS\system32\cfgmgr32.dll
0x0000000064d10000 - 0x0000000064d1f000 	C:\Program Files\Java\jdk1.8.0_101\jre\bin\verify.dll
0x0000000064ce0000 - 0x0000000064d09000 	C:\Program Files\Java\jdk1.8.0_101\jre\bin\java.dll
0x0000000064cc0000 - 0x0000000064cd6000 	C:\Program Files\Java\jdk1.8.0_101\jre\bin\zip.dll
0x00007ffd6a660000 - 0x00007ffd6bbbc000 	C:\WINDOWS\system32\SHELL32.dll
0x00007ffd68f90000 - 0x00007ffd695d5000 	C:\WINDOWS\system32\windows.storage.dll
0x00007ffd6a600000 - 0x00007ffd6a652000 	C:\WINDOWS\system32\shlwapi.dll
0x00007ffd68b10000 - 0x00007ffd68b1f000 	C:\WINDOWS\system32\kernel.appcore.dll
0x00007ffd68ce0000 - 0x00007ffd68d95000 	C:\WINDOWS\system32\shcore.dll
0x00007ffd68ac0000 - 0x00007ffd68b0b000 	C:\WINDOWS\system32\powrprof.dll
0x00007ffd68aa0000 - 0x00007ffd68ab4000 	C:\WINDOWS\system32\profapi.dll

VM Arguments:
jvm_args: -Djava.awt.headless=true -Xmx1024M -Dfile.encoding=windows-1251 -Duser.country=RU -Duser.language=ru -Duser.variant 
java_command: com.android.dx.command.Main --dex --force-jumbo --num-threads=4 --output C:\Users\Roman\GoogleDrive\ORT\Android\Gallery_Fragment2\app\build\intermediates\pre-dexed\debug\com.android.support-support-compat-24.2.1_a4b5c0a81f63998919b439137de489117f2f1762.jar C:\Users\Roman\GoogleDrive\ORT\Android\Gallery_Fragment2\app\build\intermediates\exploded-aar\com.android.support\support-compat\24.2.1\jars\classes.jar
java_class_path (initial): C:\Users\Roman\AppData\Local\Android\sdk\build-tools\24.0.1\lib\dx.jar
Launcher Type: SUN_STANDARD

Environment Variables:
PATH=C:\ProgramData\Oracle\Java\javapath;C:\WINDOWS\system32;C:\WINDOWS;C:\WINDOWS\System32\Wbem;C:\WINDOWS\System32\WindowsPowerShell\v1.0\;C:\Program Files (x86)\Skype\Phone\;C:\Users\Roman\.dnx\bin;C:\Program Files\Microsoft DNX\Dnvm\;C:\Program Files (x86)\Windows Kits\8.1\Windows Performance Toolkit\;C:\Program Files\Microsoft SQL Server\120\Tools\Binn\;C:\Program Files\Microsoft SQL Server\130\Tools\Binn\;C:\Program Files\Git\cmd;C:\Program Files (x86)\NVIDIA Corporation\PhysX\Common;C:\Program Files\Condusiv Technologies\ExpressCache\;C:\Program Files (x86)\Brackets\command;C:\PROGRA~1\CONDUS~1\DISKEE~1\;C:\Program Files\Microsoft SQL Server\Client SDK\ODBC\110\Tools\Binn\;C:\Program Files (x86)\Microsoft SQL Server\120\Tools\Binn\;C:\Program Files\Microsoft SQL Server\120\DTS\Binn\;C:\Program Files (x86)\Microsoft SQL Server\110\DTS\Binn\;C:\Program Files (x86)\Microsoft SQL Server\120\DTS\Binn\;C:\Program Files (x86)\Microsoft SQL Server\130\DTS\Binn\;C:\Program Files (x86)\nodejs\;C:\Users\Roman\AppData\Roaming\npm
USERNAME=Roman
OS=Windows_NT
PROCESSOR_IDENTIFIER=Intel64 Family 6 Model 60 Stepping 3, GenuineIntel



---------------  S Y S T E M  ---------------

OS: Windows 10.0 , 64 bit Build 10586 (10.0.10586.589)

CPU:total 8 (4 cores per cpu, 2 threads per core) family 6 model 60 stepping 3, cmov, cx8, fxsr, mmx, sse, sse2, sse3, ssse3, sse4.1, sse4.2, popcnt, avx, avx2, aes, clmul, erms, lzcnt, ht, tsc, tscinvbit, bmi1, bmi2

Memory: 4k page, physical 12004284k(2131264k free), swap 12004284k(4264k free)

vm_info: Java HotSpot(TM) 64-Bit Server VM (25.101-b13) for windows-amd64 JRE (1.8.0_101-b13), built on Jun 22 2016 01:21:29 by "java_re" with MS VC++ 10.0 (VS2010)

time: Wed Sep 21 08:31:32 2016
elapsed time: 3 seconds (0d 0h 0m 3s)

