#
# There is insufficient memory for the Java Runtime Environment to continue.
# Native memory allocation (malloc) failed to allocate 1048576 bytes for AllocateHeap
# Possible reasons:
#   The system is out of physical RAM or swap space
#   In 32 bit mode, the process size limit was hit
# Possible solutions:
#   Reduce memory load on the system
#   Increase physical memory or swap space
#   Check if swap backing store is full
#   Use 64 bit Java on a 64 bit OS
#   Decrease Java heap size (-Xmx/-Xms)
#   Decrease number of Java threads
#   Decrease Java thread stack sizes (-Xss)
#   Set larger code cache with -XX:ReservedCodeCacheSize=
# This output file may be truncated or incomplete.
#
#  Out of Memory Error (memory/allocation.inline.hpp:61), pid=11280, tid=0x0000000000001d00
#
# JRE version:  (8.0_101-b13) (build )
# Java VM: Java HotSpot(TM) 64-Bit Server VM (25.101-b13 mixed mode windows-amd64 compressed oops)
# Failed to write core dump. Minidumps are not enabled by default on client versions of Windows
#

---------------  T H R E A D  ---------------

Current thread (0x000000000265d800):  JavaThread "Unknown thread" [_thread_in_vm, id=7424, stack(0x0000000002500000,0x0000000002600000)]

Stack: [0x0000000002500000,0x0000000002600000]
[error occurred during error reporting (printing stack bounds), id 0xc0000005]

Native frames: (J=compiled Java code, j=interpreted, Vv=VM code, C=native code)


---------------  P R O C E S S  ---------------

Java Threads: ( => current thread )

Other Threads:

=>0x000000000265d800 (exited) JavaThread "Unknown thread" [_thread_in_vm, id=7424, stack(0x0000000002500000,0x0000000002600000)]

VM state:not at safepoint (normal execution)

VM Mutex/Monitor currently owned by a thread: None

Heap:
 PSYoungGen      total 54784K, used 942K [0x00000000eab00000, 0x00000000ee800000, 0x0000000100000000)
  eden space 47104K, 2% used [0x00000000eab00000,0x00000000eabeb860,0x00000000ed900000)
  from space 7680K, 0% used [0x00000000ee080000,0x00000000ee080000,0x00000000ee800000)
  to   space 7680K, 0% used [0x00000000ed900000,0x00000000ed900000,0x00000000ee080000)
 ParOldGen       total 125952K, used 0K [0x00000000c0000000, 0x00000000c7b00000, 0x00000000eab00000)
  object space 125952K, 0% used [0x00000000c0000000,0x00000000c0000000,0x00000000c7b00000)
 Metaspace       used 769K, capacity 4480K, committed 4480K, reserved 1056768K
  class space    used 75K, capacity 384K, committed 384K, reserved 1048576K

Card table byte_map: [0x0000000011b20000,0x0000000011d30000] byte_map_base: 0x0000000011520000

Marking Bits: (ParMarkBitMap*) 0x00000000631ca6d0
 Begin Bits: [0x0000000012690000, 0x0000000013690000)
 End Bits:   [0x0000000013690000, 0x0000000014690000)

Polling page: 0x0000000000cf0000

CodeCache: size=245760Kb used=328Kb max_used=328Kb free=245431Kb
 bounds [0x0000000002760000, 0x00000000029d0000, 0x0000000011760000]
 total_blobs=58 nmethods=0 adapters=38
 compilation: enabled

Compilation events (0 events):
No events

GC Heap History (0 events):
No events

Deoptimization events (0 events):
No events

Internal exceptions (0 events):
No events

Events (10 events):
Event: 0.047 loading class java/lang/Short
Event: 0.047 loading class java/lang/Short done
Event: 0.047 loading class java/lang/Integer
Event: 0.047 loading class java/lang/Integer done
Event: 0.047 loading class java/lang/Long
Event: 0.047 loading class java/lang/Long done
Event: 0.048 loading class java/lang/NullPointerException
Event: 0.048 loading class java/lang/NullPointerException done
Event: 0.048 loading class java/lang/ArithmeticException
Event: 0.048 loading class java/lang/ArithmeticException done


Dynamic libraries:
0x00007ff7eebe0000 - 0x00007ff7eec17000 	C:\Program Files\Java\jdk1.8.0_101\bin\java.exe
0x00007ffd6c480000 - 0x00007ffd6c641000 	C:\WINDOWS\SYSTEM32\ntdll.dll
0x00007ffd6a190000 - 0x00007ffd6a23d000 	C:\WINDOWS\system32\KERNEL32.DLL
0x00007ffd68da0000 - 0x00007ffd68f88000 	C:\WINDOWS\system32\KERNELBASE.dll
0x00007ffd69890000 - 0x00007ffd69937000 	C:\WINDOWS\system32\ADVAPI32.dll
0x00007ffd6a450000 - 0x00007ffd6a4ed000 	C:\WINDOWS\system32\msvcrt.dll
0x00007ffd6c230000 - 0x00007ffd6c28b000 	C:\WINDOWS\system32\sechost.dll
0x00007ffd69940000 - 0x00007ffd69a5c000 	C:\WINDOWS\system32\RPCRT4.dll
0x00007ffd6bf20000 - 0x00007ffd6c076000 	C:\WINDOWS\system32\USER32.dll
0x00007ffd6c290000 - 0x00007ffd6c416000 	C:\WINDOWS\system32\GDI32.dll
0x00007ffd64a50000 - 0x00007ffd64cc4000 	C:\WINDOWS\WinSxS\amd64_microsoft.windows.common-controls_6595b64144ccf1df_6.0.10586.589_none_a2ddb3caa539acce\COMCTL32.dll
0x00007ffd6bbc0000 - 0x00007ffd6be3d000 	C:\WINDOWS\system32\combase.dll
0x00007ffd68bc0000 - 0x00007ffd68c2a000 	C:\WINDOWS\system32\bcryptPrimitives.dll
0x00007ffd6a410000 - 0x00007ffd6a44b000 	C:\WINDOWS\system32\IMM32.DLL
0x0000000064d20000 - 0x0000000064df2000 	C:\Program Files\Java\jdk1.8.0_101\jre\bin\msvcr100.dll
0x00000000629b0000 - 0x000000006324a000 	C:\Program Files\Java\jdk1.8.0_101\jre\bin\server\jvm.dll
0x00007ffd6be40000 - 0x00007ffd6be48000 	C:\WINDOWS\system32\PSAPI.DLL
0x00007ffd59290000 - 0x00007ffd59299000 	C:\WINDOWS\SYSTEM32\WSOCK32.dll
0x00007ffd66e80000 - 0x00007ffd66ea3000 	C:\WINDOWS\SYSTEM32\WINMM.dll
0x00007ffd6beb0000 - 0x00007ffd6bf1b000 	C:\WINDOWS\system32\WS2_32.dll
0x0000000000cc0000 - 0x0000000000cec000 	C:\WINDOWS\SYSTEM32\WINMMBASE.dll
0x00007ffd64ce0000 - 0x00007ffd64cea000 	C:\WINDOWS\SYSTEM32\VERSION.dll
0x00007ffd695e0000 - 0x00007ffd69623000 	C:\WINDOWS\system32\cfgmgr32.dll
0x0000000064d10000 - 0x0000000064d1f000 	C:\Program Files\Java\jdk1.8.0_101\jre\bin\verify.dll
0x0000000064ce0000 - 0x0000000064d09000 	C:\Program Files\Java\jdk1.8.0_101\jre\bin\java.dll
0x0000000064cc0000 - 0x0000000064cd6000 	C:\Program Files\Java\jdk1.8.0_101\jre\bin\zip.dll

VM Arguments:
jvm_args: -Djava.awt.headless=true -Xmx1024M -Dfile.encoding=windows-1251 -Duser.country=RU -Duser.language=ru -Duser.variant 
java_command: com.android.dx.command.Main --dex --force-jumbo --num-threads=4 --multi-dex --output C:\Users\Roman\GoogleDrive\ORT\Android\Gallery_Fragment2\app\build\intermediates\transforms\dex\debug\folders\1000\10\com.android.support-support-fragment-24.2.1_4c221e2dbfa4139b49913193fabd008659e2bde6 C:\Users\Roman\GoogleDrive\ORT\Android\Gallery_Fragment2\app\build\intermediates\exploded-aar\com.android.support\support-fragment\24.2.1\jars\classes.jar
java_class_path (initial): C:\Users\Roman\AppData\Local\Android\sdk\build-tools\24.0.1\lib\dx.jar
Launcher Type: SUN_STANDARD

Environment Variables:
PATH=C:\ProgramData\Oracle\Java\javapath;C:\WINDOWS\system32;C:\WINDOWS;C:\WINDOWS\System32\Wbem;C:\WINDOWS\System32\WindowsPowerShell\v1.0\;C:\Program Files (x86)\Skype\Phone\;C:\Users\Roman\.dnx\bin;C:\Program Files\Microsoft DNX\Dnvm\;C:\Program Files (x86)\Windows Kits\8.1\Windows Performance Toolkit\;C:\Program Files\Microsoft SQL Server\120\Tools\Binn\;C:\Program Files\Microsoft SQL Server\130\Tools\Binn\;C:\Program Files\Git\cmd;C:\Program Files (x86)\NVIDIA Corporation\PhysX\Common;C:\Program Files\Condusiv Technologies\ExpressCache\;C:\Program Files (x86)\Brackets\command;C:\PROGRA~1\CONDUS~1\DISKEE~1\;C:\Program Files\Microsoft SQL Server\Client SDK\ODBC\110\Tools\Binn\;C:\Program Files (x86)\Microsoft SQL Server\120\Tools\Binn\;C:\Program Files\Microsoft SQL Server\120\DTS\Binn\;C:\Program Files (x86)\Microsoft SQL Server\110\DTS\Binn\;C:\Program Files (x86)\Microsoft SQL Server\120\DTS\Binn\;C:\Program Files (x86)\Microsoft SQL Server\130\DTS\Binn\;C:\Program Files (x86)\nodejs\;C:\Users\Roman\AppData\Roaming\npm
USERNAME=Roman
OS=Windows_NT
PROCESSOR_IDENTIFIER=Intel64 Family 6 Model 60 Stepping 3, GenuineIntel



---------------  S Y S T E M  ---------------

OS: Windows 10.0 , 64 bit Build 10586 (10.0.10586.589)

CPU:total 8 (4 cores per cpu, 2 threads per core) family 6 model 60 stepping 3, cmov, cx8, fxsr, mmx, sse, sse2, sse3, ssse3, sse4.1, sse4.2, popcnt, avx, avx2, aes, clmul, erms, lzcnt, ht, tsc, tscinvbit, bmi1, bmi2

Memory: 4k page, physical 12004284k(1952420k free), swap 12004284k(5180k free)

vm_info: Java HotSpot(TM) 64-Bit Server VM (25.101-b13) for windows-amd64 JRE (1.8.0_101-b13), built on Jun 22 2016 01:21:29 by "java_re" with MS VC++ 10.0 (VS2010)

time: Wed Sep 21 01:09:03 2016
elapsed time: 0 seconds (0d 0h 0m 0s)

